info: Microsoft.Hosting.Lifetime[0]
      Application started. Press Ctrl+C to shut down.
info: Microsoft.Hosting.Lifetime[0]
      Hosting environment: Production
info: Microsoft.Hosting.Lifetime[0]
      Content root path: D:\MASTER\PRODUCT\source\iis_host\
info: Microsoft.AspNetCore.Hosting.Diagnostics[1]
      Request starting HTTP/1.1 GET http://localhost/ - -
info: Microsoft.AspNetCore.StaticFiles.StaticFileMiddleware[2]
      Sending file. Request path: '/index.html'. Physical path: 'D:\MASTER\PRODUCT\source\iis_host\index.html'
info: Microsoft.AspNetCore.Hosting.Diagnostics[2]
      Request finished HTTP/1.1 GET http://localhost/ - - - 200 1132 text/html 51.4013ms
info: Microsoft.AspNetCore.Hosting.Diagnostics[1]
      Request starting HTTP/1.1 GET http://localhost/assets/web-app.css - -
info: Microsoft.AspNetCore.Hosting.Diagnostics[1]
      Request starting HTTP/1.1 GET http://localhost/assets/vendor.css - -
info: Microsoft.AspNetCore.StaticFiles.StaticFileMiddleware[6]
      The file /assets/web-app.css was not modified
info: Microsoft.AspNetCore.Hosting.Diagnostics[2]
      Request finished HTTP/1.1 GET http://localhost/assets/web-app.css - - - 304 - text/css 18.5427ms
info: Microsoft.AspNetCore.StaticFiles.StaticFileMiddleware[6]
      The file /assets/vendor.css was not modified
info: Microsoft.AspNetCore.Hosting.Diagnostics[2]
      Request finished HTTP/1.1 GET http://localhost/assets/vendor.css - - - 304 - text/css 5.4956ms
info: Microsoft.AspNetCore.Hosting.Diagnostics[1]
      Request starting HTTP/1.1 GET http://localhost/assets/web-app.js - -
info: Microsoft.AspNetCore.StaticFiles.StaticFileMiddleware[6]
      The file /assets/web-app.js was not modified
info: Microsoft.AspNetCore.Hosting.Diagnostics[2]
      Request finished HTTP/1.1 GET http://localhost/assets/web-app.js - - - 304 - application/javascript 0.3198ms
info: Microsoft.AspNetCore.Hosting.Diagnostics[1]
      Request starting HTTP/1.1 GET http://localhost/assets/vendor.js - -
info: Microsoft.AspNetCore.StaticFiles.StaticFileMiddleware[6]
      The file /assets/vendor.js was not modified
info: Microsoft.AspNetCore.Hosting.Diagnostics[2]
      Request finished HTTP/1.1 GET http://localhost/assets/vendor.js - - - 304 - application/javascript 0.3390ms
info: Microsoft.AspNetCore.Hosting.Diagnostics[1]
      Request starting HTTP/1.1 GET http://localhost/ember-welcome-page/images/construction.png - -
info: Microsoft.AspNetCore.StaticFiles.StaticFileMiddleware[6]
      The file /ember-welcome-page/images/construction.png was not modified
info: Microsoft.AspNetCore.Hosting.Diagnostics[2]
      Request finished HTTP/1.1 GET http://localhost/ember-welcome-page/images/construction.png - - - 304 - image/png 0.4260ms
info: Microsoft.AspNetCore.Hosting.Diagnostics[1]
      Request starting HTTP/1.1 GET http://localhost/ - 0
info: Microsoft.AspNetCore.StaticFiles.StaticFileMiddleware[2]
      Sending file. Request path: '/index.html'. Physical path: 'D:\MASTER\PRODUCT\source\iis_host\index.html'
info: Microsoft.AspNetCore.Hosting.Diagnostics[2]
      Request finished HTTP/1.1 GET http://localhost/ - 0 - 200 1132 text/html 1.5468ms
info: Microsoft.AspNetCore.Hosting.Diagnostics[1]
      Request starting HTTP/1.1 GET http://localhost/ - -
info: Microsoft.AspNetCore.StaticFiles.StaticFileMiddleware[6]
      The file /index.html was not modified
info: Microsoft.AspNetCore.Hosting.Diagnostics[2]
      Request finished HTTP/1.1 GET http://localhost/ - - - 304 - text/html 0.4605ms
info: Microsoft.AspNetCore.Hosting.Diagnostics[1]
      Request starting HTTP/1.1 GET http://localhost/api/test/piing - -
info: Microsoft.AspNetCore.Hosting.Diagnostics[2]
      Request finished HTTP/1.1 GET http://localhost/api/test/piing - - - 404 - - 5.0188ms
info: Microsoft.AspNetCore.Hosting.Diagnostics[1]
      Request starting HTTP/1.1 GET http://localhost/api/test/ping - -
info: Microsoft.AspNetCore.Routing.EndpointMiddleware[0]
      Executing endpoint 'ProductOneBackend.Controllers.TestController.Ping (ProductOneBackend)'
info: Microsoft.AspNetCore.Mvc.Infrastructure.ControllerActionInvoker[3]
      Route matched with {action = "Ping", controller = "Test"}. Executing controller action with signature System.String Ping() on controller ProductOneBackend.Controllers.TestController (ProductOneBackend).
info: Microsoft.AspNetCore.Mvc.Infrastructure.ObjectResultExecutor[1]
      Executing ObjectResult, writing value of type 'System.String'.
info: Microsoft.AspNetCore.Mvc.Infrastructure.ControllerActionInvoker[2]
      Executed action ProductOneBackend.Controllers.TestController.Ping (ProductOneBackend) in 10.1431ms
info: Microsoft.AspNetCore.Routing.EndpointMiddleware[1]
      Executed endpoint 'ProductOneBackend.Controllers.TestController.Ping (ProductOneBackend)'
info: Microsoft.AspNetCore.Hosting.Diagnostics[2]
      Request finished HTTP/1.1 GET http://localhost/api/test/ping - - - 200 - text/plain;+charset=utf-8 56.4878ms
info: Microsoft.Hosting.Lifetime[0]
      Application is shutting down...
