info: Microsoft.Hosting.Lifetime[0]
      Application started. Press Ctrl+C to shut down.
info: Microsoft.Hosting.Lifetime[0]
      Hosting environment: Production
info: Microsoft.Hosting.Lifetime[0]
      Content root path: D:\MASTER\PRODUCT\source\iis_host\
info: Microsoft.AspNetCore.Hosting.Diagnostics[1]
      Request starting HTTP/1.1 GET http://localhost/api/test/ping - -
info: Microsoft.AspNetCore.Routing.EndpointMiddleware[0]
      Executing endpoint 'ProductOneBackend.Controllers.TestController.Ping (ProductOneBackend)'
info: Microsoft.AspNetCore.Mvc.Infrastructure.ControllerActionInvoker[3]
      Route matched with {action = "Ping", controller = "Test"}. Executing controller action with signature System.String Ping() on controller ProductOneBackend.Controllers.TestController (ProductOneBackend).
info: Microsoft.AspNetCore.Mvc.Infrastructure.ObjectResultExecutor[1]
      Executing ObjectResult, writing value of type 'System.String'.
info: Microsoft.AspNetCore.Mvc.Infrastructure.ControllerActionInvoker[2]
      Executed action ProductOneBackend.Controllers.TestController.Ping (ProductOneBackend) in 36.7235ms
info: Microsoft.AspNetCore.Routing.EndpointMiddleware[1]
      Executed endpoint 'ProductOneBackend.Controllers.TestController.Ping (ProductOneBackend)'
info: Microsoft.AspNetCore.Hosting.Diagnostics[2]
      Request finished HTTP/1.1 GET http://localhost/api/test/ping - - - 200 - text/plain;+charset=utf-8 89.6124ms
info: Microsoft.AspNetCore.Hosting.Diagnostics[1]
      Request starting HTTP/1.1 GET http://localhost/api/test/ping - -
info: Microsoft.AspNetCore.Hosting.Diagnostics[1]
      Request starting HTTP/1.1 GET http://localhost/ - 0
info: Microsoft.AspNetCore.Routing.EndpointMiddleware[0]
      Executing endpoint 'ProductOneBackend.Controllers.TestController.Ping (ProductOneBackend)'
info: Microsoft.AspNetCore.Mvc.Infrastructure.ControllerActionInvoker[3]
      Route matched with {action = "Ping", controller = "Test"}. Executing controller action with signature System.String Ping() on controller ProductOneBackend.Controllers.TestController (ProductOneBackend).
info: Microsoft.AspNetCore.Mvc.Infrastructure.ObjectResultExecutor[1]
      Executing ObjectResult, writing value of type 'System.String'.
info: Microsoft.AspNetCore.Mvc.Infrastructure.ControllerActionInvoker[2]
      Executed action ProductOneBackend.Controllers.TestController.Ping (ProductOneBackend) in 1.1441ms
info: Microsoft.AspNetCore.Routing.EndpointMiddleware[1]
      Executed endpoint 'ProductOneBackend.Controllers.TestController.Ping (ProductOneBackend)'
info: Microsoft.AspNetCore.Hosting.Diagnostics[2]
      Request finished HTTP/1.1 GET http://localhost/api/test/ping - - - 200 - text/plain;+charset=utf-8 2.8037ms
info: Microsoft.AspNetCore.Hosting.Diagnostics[1]
      Request starting HTTP/1.1 GET http://localhost/ - 0
info: Microsoft.AspNetCore.StaticFiles.StaticFileMiddleware[2]
      Sending file. Request path: '/index.html'. Physical path: 'D:\MASTER\PRODUCT\source\iis_host\index.html'
info: Microsoft.AspNetCore.Hosting.Diagnostics[2]
      Request finished HTTP/1.1 GET http://localhost/ - 0 - 200 1132 text/html 8.6771ms
info: Microsoft.AspNetCore.StaticFiles.StaticFileMiddleware[6]
      The file /index.html was not modified
info: Microsoft.AspNetCore.Hosting.Diagnostics[2]
      Request finished HTTP/1.1 GET http://localhost/ - 0 - 0 - text/html 22.2670ms
info: Microsoft.AspNetCore.Hosting.Diagnostics[1]
      Request starting HTTP/1.1 GET http://localhost/api/test/ping - -
info: Microsoft.AspNetCore.Routing.EndpointMiddleware[0]
      Executing endpoint 'ProductOneBackend.Controllers.TestController.Ping (ProductOneBackend)'
info: Microsoft.AspNetCore.Mvc.Infrastructure.ControllerActionInvoker[3]
      Route matched with {action = "Ping", controller = "Test"}. Executing controller action with signature System.String Ping() on controller ProductOneBackend.Controllers.TestController (ProductOneBackend).
info: Microsoft.AspNetCore.Mvc.Infrastructure.ObjectResultExecutor[1]
      Executing ObjectResult, writing value of type 'System.String'.
info: Microsoft.AspNetCore.Mvc.Infrastructure.ControllerActionInvoker[2]
      Executed action ProductOneBackend.Controllers.TestController.Ping (ProductOneBackend) in 0.4189ms
info: Microsoft.AspNetCore.Routing.EndpointMiddleware[1]
      Executed endpoint 'ProductOneBackend.Controllers.TestController.Ping (ProductOneBackend)'
info: Microsoft.AspNetCore.Hosting.Diagnostics[2]
      Request finished HTTP/1.1 GET http://localhost/api/test/ping - - - 200 - text/plain;+charset=utf-8 0.7789ms
info: Microsoft.AspNetCore.Hosting.Diagnostics[1]
      Request starting HTTP/1.1 GET http://localhost/api/test/ping - -
info: Microsoft.AspNetCore.Routing.EndpointMiddleware[0]
      Executing endpoint 'ProductOneBackend.Controllers.TestController.Ping (ProductOneBackend)'
info: Microsoft.AspNetCore.Mvc.Infrastructure.ControllerActionInvoker[3]
      Route matched with {action = "Ping", controller = "Test"}. Executing controller action with signature System.String Ping() on controller ProductOneBackend.Controllers.TestController (ProductOneBackend).
info: Microsoft.AspNetCore.Mvc.Infrastructure.ObjectResultExecutor[1]
      Executing ObjectResult, writing value of type 'System.String'.
info: Microsoft.AspNetCore.Mvc.Infrastructure.ControllerActionInvoker[2]
      Executed action ProductOneBackend.Controllers.TestController.Ping (ProductOneBackend) in 0.28ms
info: Microsoft.AspNetCore.Routing.EndpointMiddleware[1]
      Executed endpoint 'ProductOneBackend.Controllers.TestController.Ping (ProductOneBackend)'
info: Microsoft.AspNetCore.Hosting.Diagnostics[2]
      Request finished HTTP/1.1 GET http://localhost/api/test/ping - - - 200 - text/plain;+charset=utf-8 0.5613ms
info: Microsoft.AspNetCore.Hosting.Diagnostics[1]
      Request starting HTTP/1.1 GET http://localhost/api/test/ping - -
info: Microsoft.AspNetCore.Routing.EndpointMiddleware[0]
      Executing endpoint 'ProductOneBackend.Controllers.TestController.Ping (ProductOneBackend)'
info: Microsoft.AspNetCore.Mvc.Infrastructure.ControllerActionInvoker[3]
      Route matched with {action = "Ping", controller = "Test"}. Executing controller action with signature System.String Ping() on controller ProductOneBackend.Controllers.TestController (ProductOneBackend).
info: Microsoft.AspNetCore.Mvc.Infrastructure.ObjectResultExecutor[1]
      Executing ObjectResult, writing value of type 'System.String'.
info: Microsoft.AspNetCore.Mvc.Infrastructure.ControllerActionInvoker[2]
      Executed action ProductOneBackend.Controllers.TestController.Ping (ProductOneBackend) in 0.4707ms
info: Microsoft.AspNetCore.Routing.EndpointMiddleware[1]
      Executed endpoint 'ProductOneBackend.Controllers.TestController.Ping (ProductOneBackend)'
info: Microsoft.AspNetCore.Hosting.Diagnostics[2]
      Request finished HTTP/1.1 GET http://localhost/api/test/ping - - - 200 - text/plain;+charset=utf-8 1.1604ms
info: Microsoft.AspNetCore.Hosting.Diagnostics[1]
      Request starting HTTP/1.1 GET http://localhost/api/test/ping - -
info: Microsoft.AspNetCore.Routing.EndpointMiddleware[0]
      Executing endpoint 'ProductOneBackend.Controllers.TestController.Ping (ProductOneBackend)'
info: Microsoft.AspNetCore.Mvc.Infrastructure.ControllerActionInvoker[3]
      Route matched with {action = "Ping", controller = "Test"}. Executing controller action with signature System.String Ping() on controller ProductOneBackend.Controllers.TestController (ProductOneBackend).
info: Microsoft.AspNetCore.Mvc.Infrastructure.ObjectResultExecutor[1]
      Executing ObjectResult, writing value of type 'System.String'.
info: Microsoft.AspNetCore.Mvc.Infrastructure.ControllerActionInvoker[2]
      Executed action ProductOneBackend.Controllers.TestController.Ping (ProductOneBackend) in 0.4037ms
info: Microsoft.AspNetCore.Routing.EndpointMiddleware[1]
      Executed endpoint 'ProductOneBackend.Controllers.TestController.Ping (ProductOneBackend)'
info: Microsoft.AspNetCore.Hosting.Diagnostics[2]
      Request finished HTTP/1.1 GET http://localhost/api/test/ping - - - 200 - text/plain;+charset=utf-8 0.8312ms
info: Microsoft.AspNetCore.Hosting.Diagnostics[1]
      Request starting HTTP/1.1 GET http://localhost/api/test/ping - -
info: Microsoft.AspNetCore.Routing.EndpointMiddleware[0]
      Executing endpoint 'ProductOneBackend.Controllers.TestController.Ping (ProductOneBackend)'
info: Microsoft.AspNetCore.Mvc.Infrastructure.ControllerActionInvoker[3]
      Route matched with {action = "Ping", controller = "Test"}. Executing controller action with signature System.String Ping() on controller ProductOneBackend.Controllers.TestController (ProductOneBackend).
info: Microsoft.AspNetCore.Mvc.Infrastructure.ObjectResultExecutor[1]
      Executing ObjectResult, writing value of type 'System.String'.
info: Microsoft.AspNetCore.Mvc.Infrastructure.ControllerActionInvoker[2]
      Executed action ProductOneBackend.Controllers.TestController.Ping (ProductOneBackend) in 0.3022ms
info: Microsoft.AspNetCore.Routing.EndpointMiddleware[1]
      Executed endpoint 'ProductOneBackend.Controllers.TestController.Ping (ProductOneBackend)'
info: Microsoft.AspNetCore.Hosting.Diagnostics[2]
      Request finished HTTP/1.1 GET http://localhost/api/test/ping - - - 200 - text/plain;+charset=utf-8 0.5705ms
info: Microsoft.AspNetCore.Hosting.Diagnostics[1]
      Request starting HTTP/1.1 GET http://localhost/api/test/ping - -
info: Microsoft.AspNetCore.Routing.EndpointMiddleware[0]
      Executing endpoint 'ProductOneBackend.Controllers.TestController.Ping (ProductOneBackend)'
info: Microsoft.AspNetCore.Mvc.Infrastructure.ControllerActionInvoker[3]
      Route matched with {action = "Ping", controller = "Test"}. Executing controller action with signature System.String Ping() on controller ProductOneBackend.Controllers.TestController (ProductOneBackend).
info: Microsoft.AspNetCore.Mvc.Infrastructure.ObjectResultExecutor[1]
      Executing ObjectResult, writing value of type 'System.String'.
info: Microsoft.AspNetCore.Mvc.Infrastructure.ControllerActionInvoker[2]
      Executed action ProductOneBackend.Controllers.TestController.Ping (ProductOneBackend) in 0.2535ms
info: Microsoft.AspNetCore.Routing.EndpointMiddleware[1]
      Executed endpoint 'ProductOneBackend.Controllers.TestController.Ping (ProductOneBackend)'
info: Microsoft.AspNetCore.Hosting.Diagnostics[2]
      Request finished HTTP/1.1 GET http://localhost/api/test/ping - - - 200 - text/plain;+charset=utf-8 0.5310ms
info: Microsoft.AspNetCore.Hosting.Diagnostics[1]
      Request starting HTTP/1.1 GET http://localhost/api/test/ping - -
info: Microsoft.AspNetCore.Routing.EndpointMiddleware[0]
      Executing endpoint 'ProductOneBackend.Controllers.TestController.Ping (ProductOneBackend)'
info: Microsoft.AspNetCore.Mvc.Infrastructure.ControllerActionInvoker[3]
      Route matched with {action = "Ping", controller = "Test"}. Executing controller action with signature System.String Ping() on controller ProductOneBackend.Controllers.TestController (ProductOneBackend).
info: Microsoft.AspNetCore.Mvc.Infrastructure.ObjectResultExecutor[1]
      Executing ObjectResult, writing value of type 'System.String'.
info: Microsoft.AspNetCore.Mvc.Infrastructure.ControllerActionInvoker[2]
      Executed action ProductOneBackend.Controllers.TestController.Ping (ProductOneBackend) in 0.3116ms
info: Microsoft.AspNetCore.Routing.EndpointMiddleware[1]
      Executed endpoint 'ProductOneBackend.Controllers.TestController.Ping (ProductOneBackend)'
info: Microsoft.AspNetCore.Hosting.Diagnostics[2]
      Request finished HTTP/1.1 GET http://localhost/api/test/ping - - - 200 - text/plain;+charset=utf-8 0.6365ms
info: Microsoft.AspNetCore.Hosting.Diagnostics[1]
      Request starting HTTP/1.1 GET http://localhost/api/test/ping - -
info: Microsoft.AspNetCore.Routing.EndpointMiddleware[0]
      Executing endpoint 'ProductOneBackend.Controllers.TestController.Ping (ProductOneBackend)'
info: Microsoft.AspNetCore.Mvc.Infrastructure.ControllerActionInvoker[3]
      Route matched with {action = "Ping", controller = "Test"}. Executing controller action with signature System.String Ping() on controller ProductOneBackend.Controllers.TestController (ProductOneBackend).
info: Microsoft.AspNetCore.Mvc.Infrastructure.ObjectResultExecutor[1]
      Executing ObjectResult, writing value of type 'System.String'.
info: Microsoft.AspNetCore.Mvc.Infrastructure.ControllerActionInvoker[2]
      Executed action ProductOneBackend.Controllers.TestController.Ping (ProductOneBackend) in 0.3049ms
info: Microsoft.AspNetCore.Routing.EndpointMiddleware[1]
      Executed endpoint 'ProductOneBackend.Controllers.TestController.Ping (ProductOneBackend)'
info: Microsoft.AspNetCore.Hosting.Diagnostics[2]
      Request finished HTTP/1.1 GET http://localhost/api/test/ping - - - 200 - text/plain;+charset=utf-8 0.6409ms
info: Microsoft.AspNetCore.Hosting.Diagnostics[1]
      Request starting HTTP/1.1 GET http://localhost/api/test/ping - -
info: Microsoft.AspNetCore.Routing.EndpointMiddleware[0]
      Executing endpoint 'ProductOneBackend.Controllers.TestController.Ping (ProductOneBackend)'
info: Microsoft.AspNetCore.Mvc.Infrastructure.ControllerActionInvoker[3]
      Route matched with {action = "Ping", controller = "Test"}. Executing controller action with signature System.String Ping() on controller ProductOneBackend.Controllers.TestController (ProductOneBackend).
info: Microsoft.AspNetCore.Mvc.Infrastructure.ObjectResultExecutor[1]
      Executing ObjectResult, writing value of type 'System.String'.
info: Microsoft.AspNetCore.Mvc.Infrastructure.ControllerActionInvoker[2]
      Executed action ProductOneBackend.Controllers.TestController.Ping (ProductOneBackend) in 0.2717ms
info: Microsoft.AspNetCore.Routing.EndpointMiddleware[1]
      Executed endpoint 'ProductOneBackend.Controllers.TestController.Ping (ProductOneBackend)'
info: Microsoft.AspNetCore.Hosting.Diagnostics[2]
      Request finished HTTP/1.1 GET http://localhost/api/test/ping - - - 200 - text/plain;+charset=utf-8 0.5845ms
info: Microsoft.AspNetCore.Hosting.Diagnostics[1]
      Request starting HTTP/1.1 GET http://localhost/api/test/ping - -
info: Microsoft.AspNetCore.Routing.EndpointMiddleware[0]
      Executing endpoint 'ProductOneBackend.Controllers.TestController.Ping (ProductOneBackend)'
info: Microsoft.AspNetCore.Mvc.Infrastructure.ControllerActionInvoker[3]
      Route matched with {action = "Ping", controller = "Test"}. Executing controller action with signature System.String Ping() on controller ProductOneBackend.Controllers.TestController (ProductOneBackend).
info: Microsoft.AspNetCore.Mvc.Infrastructure.ObjectResultExecutor[1]
      Executing ObjectResult, writing value of type 'System.String'.
info: Microsoft.AspNetCore.Mvc.Infrastructure.ControllerActionInvoker[2]
      Executed action ProductOneBackend.Controllers.TestController.Ping (ProductOneBackend) in 0.2501ms
info: Microsoft.AspNetCore.Routing.EndpointMiddleware[1]
      Executed endpoint 'ProductOneBackend.Controllers.TestController.Ping (ProductOneBackend)'
info: Microsoft.AspNetCore.Hosting.Diagnostics[2]
      Request finished HTTP/1.1 GET http://localhost/api/test/ping - - - 200 - text/plain;+charset=utf-8 0.5136ms
info: Microsoft.AspNetCore.Hosting.Diagnostics[1]
      Request starting HTTP/1.1 GET http://localhost/api/test/ping - -
info: Microsoft.AspNetCore.Routing.EndpointMiddleware[0]
      Executing endpoint 'ProductOneBackend.Controllers.TestController.Ping (ProductOneBackend)'
info: Microsoft.AspNetCore.Mvc.Infrastructure.ControllerActionInvoker[3]
      Route matched with {action = "Ping", controller = "Test"}. Executing controller action with signature System.String Ping() on controller ProductOneBackend.Controllers.TestController (ProductOneBackend).
info: Microsoft.AspNetCore.Mvc.Infrastructure.ObjectResultExecutor[1]
      Executing ObjectResult, writing value of type 'System.String'.
info: Microsoft.AspNetCore.Mvc.Infrastructure.ControllerActionInvoker[2]
      Executed action ProductOneBackend.Controllers.TestController.Ping (ProductOneBackend) in 0.2763ms
info: Microsoft.AspNetCore.Routing.EndpointMiddleware[1]
      Executed endpoint 'ProductOneBackend.Controllers.TestController.Ping (ProductOneBackend)'
info: Microsoft.AspNetCore.Hosting.Diagnostics[2]
      Request finished HTTP/1.1 GET http://localhost/api/test/ping - - - 200 - text/plain;+charset=utf-8 0.6241ms
info: Microsoft.AspNetCore.Hosting.Diagnostics[1]
      Request starting HTTP/1.1 GET http://localhost/api/test/ping - -
info: Microsoft.AspNetCore.Routing.EndpointMiddleware[0]
      Executing endpoint 'ProductOneBackend.Controllers.TestController.Ping (ProductOneBackend)'
info: Microsoft.AspNetCore.Mvc.Infrastructure.ControllerActionInvoker[3]
      Route matched with {action = "Ping", controller = "Test"}. Executing controller action with signature System.String Ping() on controller ProductOneBackend.Controllers.TestController (ProductOneBackend).
info: Microsoft.AspNetCore.Mvc.Infrastructure.ObjectResultExecutor[1]
      Executing ObjectResult, writing value of type 'System.String'.
info: Microsoft.AspNetCore.Mvc.Infrastructure.ControllerActionInvoker[2]
      Executed action ProductOneBackend.Controllers.TestController.Ping (ProductOneBackend) in 0.2563ms
info: Microsoft.AspNetCore.Routing.EndpointMiddleware[1]
      Executed endpoint 'ProductOneBackend.Controllers.TestController.Ping (ProductOneBackend)'
info: Microsoft.AspNetCore.Hosting.Diagnostics[2]
      Request finished HTTP/1.1 GET http://localhost/api/test/ping - - - 200 - text/plain;+charset=utf-8 0.4946ms
info: Microsoft.AspNetCore.Hosting.Diagnostics[1]
      Request starting HTTP/1.1 GET http://localhost/api/test/ping - -
info: Microsoft.AspNetCore.Routing.EndpointMiddleware[0]
      Executing endpoint 'ProductOneBackend.Controllers.TestController.Ping (ProductOneBackend)'
info: Microsoft.AspNetCore.Mvc.Infrastructure.ControllerActionInvoker[3]
      Route matched with {action = "Ping", controller = "Test"}. Executing controller action with signature System.String Ping() on controller ProductOneBackend.Controllers.TestController (ProductOneBackend).
info: Microsoft.AspNetCore.Mvc.Infrastructure.ObjectResultExecutor[1]
      Executing ObjectResult, writing value of type 'System.String'.
info: Microsoft.AspNetCore.Mvc.Infrastructure.ControllerActionInvoker[2]
      Executed action ProductOneBackend.Controllers.TestController.Ping (ProductOneBackend) in 0.238ms
info: Microsoft.AspNetCore.Routing.EndpointMiddleware[1]
      Executed endpoint 'ProductOneBackend.Controllers.TestController.Ping (ProductOneBackend)'
info: Microsoft.AspNetCore.Hosting.Diagnostics[2]
      Request finished HTTP/1.1 GET http://localhost/api/test/ping - - - 200 - text/plain;+charset=utf-8 0.5022ms
info: Microsoft.AspNetCore.Hosting.Diagnostics[1]
      Request starting HTTP/1.1 GET http://localhost/api/test/ping - -
info: Microsoft.AspNetCore.Routing.EndpointMiddleware[0]
      Executing endpoint 'ProductOneBackend.Controllers.TestController.Ping (ProductOneBackend)'
info: Microsoft.AspNetCore.Mvc.Infrastructure.ControllerActionInvoker[3]
      Route matched with {action = "Ping", controller = "Test"}. Executing controller action with signature System.String Ping() on controller ProductOneBackend.Controllers.TestController (ProductOneBackend).
info: Microsoft.AspNetCore.Mvc.Infrastructure.ObjectResultExecutor[1]
      Executing ObjectResult, writing value of type 'System.String'.
info: Microsoft.AspNetCore.Mvc.Infrastructure.ControllerActionInvoker[2]
      Executed action ProductOneBackend.Controllers.TestController.Ping (ProductOneBackend) in 0.4582ms
info: Microsoft.AspNetCore.Routing.EndpointMiddleware[1]
      Executed endpoint 'ProductOneBackend.Controllers.TestController.Ping (ProductOneBackend)'
info: Microsoft.AspNetCore.Hosting.Diagnostics[2]
      Request finished HTTP/1.1 GET http://localhost/api/test/ping - - - 200 - text/plain;+charset=utf-8 1.0317ms
info: Microsoft.AspNetCore.Hosting.Diagnostics[1]
      Request starting HTTP/1.1 GET http://localhost/api/test/ping - -
info: Microsoft.AspNetCore.Routing.EndpointMiddleware[0]
      Executing endpoint 'ProductOneBackend.Controllers.TestController.Ping (ProductOneBackend)'
info: Microsoft.AspNetCore.Mvc.Infrastructure.ControllerActionInvoker[3]
      Route matched with {action = "Ping", controller = "Test"}. Executing controller action with signature System.String Ping() on controller ProductOneBackend.Controllers.TestController (ProductOneBackend).
info: Microsoft.AspNetCore.Mvc.Infrastructure.ObjectResultExecutor[1]
      Executing ObjectResult, writing value of type 'System.String'.
info: Microsoft.AspNetCore.Mvc.Infrastructure.ControllerActionInvoker[2]
      Executed action ProductOneBackend.Controllers.TestController.Ping (ProductOneBackend) in 0.3416ms
info: Microsoft.AspNetCore.Routing.EndpointMiddleware[1]
      Executed endpoint 'ProductOneBackend.Controllers.TestController.Ping (ProductOneBackend)'
info: Microsoft.AspNetCore.Hosting.Diagnostics[2]
      Request finished HTTP/1.1 GET http://localhost/api/test/ping - - - 200 - text/plain;+charset=utf-8 0.7914ms
info: Microsoft.AspNetCore.Hosting.Diagnostics[1]
      Request starting HTTP/1.1 GET http://localhost/api/test/ping - -
info: Microsoft.AspNetCore.Routing.EndpointMiddleware[0]
      Executing endpoint 'ProductOneBackend.Controllers.TestController.Ping (ProductOneBackend)'
info: Microsoft.AspNetCore.Mvc.Infrastructure.ControllerActionInvoker[3]
      Route matched with {action = "Ping", controller = "Test"}. Executing controller action with signature System.String Ping() on controller ProductOneBackend.Controllers.TestController (ProductOneBackend).
info: Microsoft.AspNetCore.Mvc.Infrastructure.ObjectResultExecutor[1]
      Executing ObjectResult, writing value of type 'System.String'.
info: Microsoft.AspNetCore.Mvc.Infrastructure.ControllerActionInvoker[2]
      Executed action ProductOneBackend.Controllers.TestController.Ping (ProductOneBackend) in 0.2485ms
info: Microsoft.AspNetCore.Routing.EndpointMiddleware[1]
      Executed endpoint 'ProductOneBackend.Controllers.TestController.Ping (ProductOneBackend)'
info: Microsoft.AspNetCore.Hosting.Diagnostics[2]
      Request finished HTTP/1.1 GET http://localhost/api/test/ping - - - 200 - text/plain;+charset=utf-8 0.5110ms
info: Microsoft.AspNetCore.Hosting.Diagnostics[1]
      Request starting HTTP/1.1 GET http://localhost/api/test/ping - -
info: Microsoft.AspNetCore.Routing.EndpointMiddleware[0]
      Executing endpoint 'ProductOneBackend.Controllers.TestController.Ping (ProductOneBackend)'
info: Microsoft.AspNetCore.Mvc.Infrastructure.ControllerActionInvoker[3]
      Route matched with {action = "Ping", controller = "Test"}. Executing controller action with signature System.String Ping() on controller ProductOneBackend.Controllers.TestController (ProductOneBackend).
info: Microsoft.AspNetCore.Mvc.Infrastructure.ObjectResultExecutor[1]
      Executing ObjectResult, writing value of type 'System.String'.
info: Microsoft.AspNetCore.Mvc.Infrastructure.ControllerActionInvoker[2]
      Executed action ProductOneBackend.Controllers.TestController.Ping (ProductOneBackend) in 0.3308ms
info: Microsoft.AspNetCore.Routing.EndpointMiddleware[1]
      Executed endpoint 'ProductOneBackend.Controllers.TestController.Ping (ProductOneBackend)'
info: Microsoft.AspNetCore.Hosting.Diagnostics[2]
      Request finished HTTP/1.1 GET http://localhost/api/test/ping - - - 200 - text/plain;+charset=utf-8 0.6754ms
info: Microsoft.AspNetCore.Hosting.Diagnostics[1]
      Request starting HTTP/1.1 GET http://localhost/api/test/ping - -
info: Microsoft.AspNetCore.Routing.EndpointMiddleware[0]
      Executing endpoint 'ProductOneBackend.Controllers.TestController.Ping (ProductOneBackend)'
info: Microsoft.AspNetCore.Mvc.Infrastructure.ControllerActionInvoker[3]
      Route matched with {action = "Ping", controller = "Test"}. Executing controller action with signature System.String Ping() on controller ProductOneBackend.Controllers.TestController (ProductOneBackend).
info: Microsoft.AspNetCore.Mvc.Infrastructure.ObjectResultExecutor[1]
      Executing ObjectResult, writing value of type 'System.String'.
info: Microsoft.AspNetCore.Mvc.Infrastructure.ControllerActionInvoker[2]
      Executed action ProductOneBackend.Controllers.TestController.Ping (ProductOneBackend) in 0.2477ms
info: Microsoft.AspNetCore.Routing.EndpointMiddleware[1]
      Executed endpoint 'ProductOneBackend.Controllers.TestController.Ping (ProductOneBackend)'
info: Microsoft.AspNetCore.Hosting.Diagnostics[2]
      Request finished HTTP/1.1 GET http://localhost/api/test/ping - - - 200 - text/plain;+charset=utf-8 0.4931ms
info: Microsoft.AspNetCore.Hosting.Diagnostics[1]
      Request starting HTTP/1.1 GET http://localhost/api/test/ping - -
info: Microsoft.AspNetCore.Routing.EndpointMiddleware[0]
      Executing endpoint 'ProductOneBackend.Controllers.TestController.Ping (ProductOneBackend)'
info: Microsoft.AspNetCore.Mvc.Infrastructure.ControllerActionInvoker[3]
      Route matched with {action = "Ping", controller = "Test"}. Executing controller action with signature System.String Ping() on controller ProductOneBackend.Controllers.TestController (ProductOneBackend).
info: Microsoft.AspNetCore.Mvc.Infrastructure.ObjectResultExecutor[1]
      Executing ObjectResult, writing value of type 'System.String'.
info: Microsoft.AspNetCore.Mvc.Infrastructure.ControllerActionInvoker[2]
      Executed action ProductOneBackend.Controllers.TestController.Ping (ProductOneBackend) in 0.3964ms
info: Microsoft.AspNetCore.Routing.EndpointMiddleware[1]
      Executed endpoint 'ProductOneBackend.Controllers.TestController.Ping (ProductOneBackend)'
info: Microsoft.AspNetCore.Hosting.Diagnostics[2]
      Request finished HTTP/1.1 GET http://localhost/api/test/ping - - - 200 - text/plain;+charset=utf-8 0.7930ms
info: Microsoft.AspNetCore.Hosting.Diagnostics[1]
      Request starting HTTP/1.1 GET http://localhost/api/test/ping - -
info: Microsoft.AspNetCore.Routing.EndpointMiddleware[0]
      Executing endpoint 'ProductOneBackend.Controllers.TestController.Ping (ProductOneBackend)'
info: Microsoft.AspNetCore.Mvc.Infrastructure.ControllerActionInvoker[3]
      Route matched with {action = "Ping", controller = "Test"}. Executing controller action with signature System.String Ping() on controller ProductOneBackend.Controllers.TestController (ProductOneBackend).
info: Microsoft.AspNetCore.Mvc.Infrastructure.ObjectResultExecutor[1]
      Executing ObjectResult, writing value of type 'System.String'.
info: Microsoft.AspNetCore.Mvc.Infrastructure.ControllerActionInvoker[2]
      Executed action ProductOneBackend.Controllers.TestController.Ping (ProductOneBackend) in 0.2744ms
info: Microsoft.AspNetCore.Routing.EndpointMiddleware[1]
      Executed endpoint 'ProductOneBackend.Controllers.TestController.Ping (ProductOneBackend)'
info: Microsoft.AspNetCore.Hosting.Diagnostics[2]
      Request finished HTTP/1.1 GET http://localhost/api/test/ping - - - 200 - text/plain;+charset=utf-8 0.5458ms
info: Microsoft.AspNetCore.Hosting.Diagnostics[1]
      Request starting HTTP/1.1 GET http://localhost/api/test/ping - -
info: Microsoft.AspNetCore.Routing.EndpointMiddleware[0]
      Executing endpoint 'ProductOneBackend.Controllers.TestController.Ping (ProductOneBackend)'
info: Microsoft.AspNetCore.Mvc.Infrastructure.ControllerActionInvoker[3]
      Route matched with {action = "Ping", controller = "Test"}. Executing controller action with signature System.String Ping() on controller ProductOneBackend.Controllers.TestController (ProductOneBackend).
info: Microsoft.AspNetCore.Mvc.Infrastructure.ObjectResultExecutor[1]
      Executing ObjectResult, writing value of type 'System.String'.
info: Microsoft.AspNetCore.Mvc.Infrastructure.ControllerActionInvoker[2]
      Executed action ProductOneBackend.Controllers.TestController.Ping (ProductOneBackend) in 0.3118ms
info: Microsoft.AspNetCore.Routing.EndpointMiddleware[1]
      Executed endpoint 'ProductOneBackend.Controllers.TestController.Ping (ProductOneBackend)'
info: Microsoft.AspNetCore.Hosting.Diagnostics[2]
      Request finished HTTP/1.1 GET http://localhost/api/test/ping - - - 200 - text/plain;+charset=utf-8 0.7286ms
info: Microsoft.AspNetCore.Hosting.Diagnostics[1]
      Request starting HTTP/1.1 GET http://localhost/api/test/ping - -
info: Microsoft.AspNetCore.Routing.EndpointMiddleware[0]
      Executing endpoint 'ProductOneBackend.Controllers.TestController.Ping (ProductOneBackend)'
info: Microsoft.AspNetCore.Mvc.Infrastructure.ControllerActionInvoker[3]
      Route matched with {action = "Ping", controller = "Test"}. Executing controller action with signature System.String Ping() on controller ProductOneBackend.Controllers.TestController (ProductOneBackend).
info: Microsoft.AspNetCore.Mvc.Infrastructure.ObjectResultExecutor[1]
      Executing ObjectResult, writing value of type 'System.String'.
info: Microsoft.AspNetCore.Mvc.Infrastructure.ControllerActionInvoker[2]
      Executed action ProductOneBackend.Controllers.TestController.Ping (ProductOneBackend) in 0.3032ms
info: Microsoft.AspNetCore.Routing.EndpointMiddleware[1]
      Executed endpoint 'ProductOneBackend.Controllers.TestController.Ping (ProductOneBackend)'
info: Microsoft.AspNetCore.Hosting.Diagnostics[2]
      Request finished HTTP/1.1 GET http://localhost/api/test/ping - - - 200 - text/plain;+charset=utf-8 0.5869ms
info: Microsoft.AspNetCore.Hosting.Diagnostics[1]
      Request starting HTTP/1.1 GET http://localhost/api/test/ping - -
info: Microsoft.AspNetCore.Routing.EndpointMiddleware[0]
      Executing endpoint 'ProductOneBackend.Controllers.TestController.Ping (ProductOneBackend)'
info: Microsoft.AspNetCore.Mvc.Infrastructure.ControllerActionInvoker[3]
      Route matched with {action = "Ping", controller = "Test"}. Executing controller action with signature System.String Ping() on controller ProductOneBackend.Controllers.TestController (ProductOneBackend).
info: Microsoft.AspNetCore.Mvc.Infrastructure.ObjectResultExecutor[1]
      Executing ObjectResult, writing value of type 'System.String'.
info: Microsoft.AspNetCore.Mvc.Infrastructure.ControllerActionInvoker[2]
      Executed action ProductOneBackend.Controllers.TestController.Ping (ProductOneBackend) in 0.2661ms
info: Microsoft.AspNetCore.Routing.EndpointMiddleware[1]
      Executed endpoint 'ProductOneBackend.Controllers.TestController.Ping (ProductOneBackend)'
info: Microsoft.AspNetCore.Hosting.Diagnostics[2]
      Request finished HTTP/1.1 GET http://localhost/api/test/ping - - - 200 - text/plain;+charset=utf-8 0.5252ms
info: Microsoft.AspNetCore.Hosting.Diagnostics[1]
      Request starting HTTP/1.1 GET http://localhost/api/test/ping - -
info: Microsoft.AspNetCore.Routing.EndpointMiddleware[0]
      Executing endpoint 'ProductOneBackend.Controllers.TestController.Ping (ProductOneBackend)'
info: Microsoft.AspNetCore.Mvc.Infrastructure.ControllerActionInvoker[3]
      Route matched with {action = "Ping", controller = "Test"}. Executing controller action with signature System.String Ping() on controller ProductOneBackend.Controllers.TestController (ProductOneBackend).
info: Microsoft.AspNetCore.Mvc.Infrastructure.ObjectResultExecutor[1]
      Executing ObjectResult, writing value of type 'System.String'.
info: Microsoft.AspNetCore.Mvc.Infrastructure.ControllerActionInvoker[2]
      Executed action ProductOneBackend.Controllers.TestController.Ping (ProductOneBackend) in 0.2998ms
info: Microsoft.AspNetCore.Routing.EndpointMiddleware[1]
      Executed endpoint 'ProductOneBackend.Controllers.TestController.Ping (ProductOneBackend)'
info: Microsoft.AspNetCore.Hosting.Diagnostics[2]
      Request finished HTTP/1.1 GET http://localhost/api/test/ping - - - 200 - text/plain;+charset=utf-8 0.5656ms
info: Microsoft.AspNetCore.Hosting.Diagnostics[1]
      Request starting HTTP/1.1 GET http://localhost/api/test/ping - -
info: Microsoft.AspNetCore.Routing.EndpointMiddleware[0]
      Executing endpoint 'ProductOneBackend.Controllers.TestController.Ping (ProductOneBackend)'
info: Microsoft.AspNetCore.Mvc.Infrastructure.ControllerActionInvoker[3]
      Route matched with {action = "Ping", controller = "Test"}. Executing controller action with signature System.String Ping() on controller ProductOneBackend.Controllers.TestController (ProductOneBackend).
info: Microsoft.AspNetCore.Mvc.Infrastructure.ObjectResultExecutor[1]
      Executing ObjectResult, writing value of type 'System.String'.
info: Microsoft.AspNetCore.Mvc.Infrastructure.ControllerActionInvoker[2]
      Executed action ProductOneBackend.Controllers.TestController.Ping (ProductOneBackend) in 0.2642ms
info: Microsoft.AspNetCore.Routing.EndpointMiddleware[1]
      Executed endpoint 'ProductOneBackend.Controllers.TestController.Ping (ProductOneBackend)'
info: Microsoft.AspNetCore.Hosting.Diagnostics[2]
      Request finished HTTP/1.1 GET http://localhost/api/test/ping - - - 200 - text/plain;+charset=utf-8 0.4974ms
info: Microsoft.AspNetCore.Hosting.Diagnostics[1]
      Request starting HTTP/1.1 GET http://localhost/api/test/ping - -
info: Microsoft.AspNetCore.Routing.EndpointMiddleware[0]
      Executing endpoint 'ProductOneBackend.Controllers.TestController.Ping (ProductOneBackend)'
info: Microsoft.AspNetCore.Mvc.Infrastructure.ControllerActionInvoker[3]
      Route matched with {action = "Ping", controller = "Test"}. Executing controller action with signature System.String Ping() on controller ProductOneBackend.Controllers.TestController (ProductOneBackend).
info: Microsoft.AspNetCore.Mvc.Infrastructure.ObjectResultExecutor[1]
      Executing ObjectResult, writing value of type 'System.String'.
info: Microsoft.AspNetCore.Mvc.Infrastructure.ControllerActionInvoker[2]
      Executed action ProductOneBackend.Controllers.TestController.Ping (ProductOneBackend) in 0.2405ms
info: Microsoft.AspNetCore.Routing.EndpointMiddleware[1]
      Executed endpoint 'ProductOneBackend.Controllers.TestController.Ping (ProductOneBackend)'
info: Microsoft.AspNetCore.Hosting.Diagnostics[2]
      Request finished HTTP/1.1 GET http://localhost/api/test/ping - - - 200 - text/plain;+charset=utf-8 0.5072ms
info: Microsoft.AspNetCore.Hosting.Diagnostics[1]
      Request starting HTTP/1.1 GET http://localhost/api/test/ping - -
info: Microsoft.AspNetCore.Routing.EndpointMiddleware[0]
      Executing endpoint 'ProductOneBackend.Controllers.TestController.Ping (ProductOneBackend)'
info: Microsoft.AspNetCore.Mvc.Infrastructure.ControllerActionInvoker[3]
      Route matched with {action = "Ping", controller = "Test"}. Executing controller action with signature System.String Ping() on controller ProductOneBackend.Controllers.TestController (ProductOneBackend).
info: Microsoft.AspNetCore.Mvc.Infrastructure.ObjectResultExecutor[1]
      Executing ObjectResult, writing value of type 'System.String'.
info: Microsoft.AspNetCore.Mvc.Infrastructure.ControllerActionInvoker[2]
      Executed action ProductOneBackend.Controllers.TestController.Ping (ProductOneBackend) in 0.2578ms
info: Microsoft.AspNetCore.Routing.EndpointMiddleware[1]
      Executed endpoint 'ProductOneBackend.Controllers.TestController.Ping (ProductOneBackend)'
info: Microsoft.AspNetCore.Hosting.Diagnostics[2]
      Request finished HTTP/1.1 GET http://localhost/api/test/ping - - - 200 - text/plain;+charset=utf-8 0.5259ms
info: Microsoft.AspNetCore.Hosting.Diagnostics[1]
      Request starting HTTP/1.1 GET http://localhost/api/test/ping - -
info: Microsoft.AspNetCore.Routing.EndpointMiddleware[0]
      Executing endpoint 'ProductOneBackend.Controllers.TestController.Ping (ProductOneBackend)'
info: Microsoft.AspNetCore.Mvc.Infrastructure.ControllerActionInvoker[3]
      Route matched with {action = "Ping", controller = "Test"}. Executing controller action with signature System.String Ping() on controller ProductOneBackend.Controllers.TestController (ProductOneBackend).
info: Microsoft.AspNetCore.Mvc.Infrastructure.ObjectResultExecutor[1]
      Executing ObjectResult, writing value of type 'System.String'.
info: Microsoft.AspNetCore.Mvc.Infrastructure.ControllerActionInvoker[2]
      Executed action ProductOneBackend.Controllers.TestController.Ping (ProductOneBackend) in 0.3351ms
info: Microsoft.AspNetCore.Routing.EndpointMiddleware[1]
      Executed endpoint 'ProductOneBackend.Controllers.TestController.Ping (ProductOneBackend)'
info: Microsoft.AspNetCore.Hosting.Diagnostics[2]
      Request finished HTTP/1.1 GET http://localhost/api/test/ping - - - 200 - text/plain;+charset=utf-8 0.6238ms
info: Microsoft.AspNetCore.Hosting.Diagnostics[1]
      Request starting HTTP/1.1 GET http://localhost/api/test/ping - -
info: Microsoft.AspNetCore.Routing.EndpointMiddleware[0]
      Executing endpoint 'ProductOneBackend.Controllers.TestController.Ping (ProductOneBackend)'
info: Microsoft.AspNetCore.Mvc.Infrastructure.ControllerActionInvoker[3]
      Route matched with {action = "Ping", controller = "Test"}. Executing controller action with signature System.String Ping() on controller ProductOneBackend.Controllers.TestController (ProductOneBackend).
info: Microsoft.AspNetCore.Mvc.Infrastructure.ObjectResultExecutor[1]
      Executing ObjectResult, writing value of type 'System.String'.
info: Microsoft.AspNetCore.Mvc.Infrastructure.ControllerActionInvoker[2]
      Executed action ProductOneBackend.Controllers.TestController.Ping (ProductOneBackend) in 0.3744ms
info: Microsoft.AspNetCore.Routing.EndpointMiddleware[1]
      Executed endpoint 'ProductOneBackend.Controllers.TestController.Ping (ProductOneBackend)'
info: Microsoft.AspNetCore.Hosting.Diagnostics[2]
      Request finished HTTP/1.1 GET http://localhost/api/test/ping - - - 200 - text/plain;+charset=utf-8 0.9005ms
info: Microsoft.AspNetCore.Hosting.Diagnostics[1]
      Request starting HTTP/1.1 GET http://localhost/api/test/ping - -
info: Microsoft.AspNetCore.Routing.EndpointMiddleware[0]
      Executing endpoint 'ProductOneBackend.Controllers.TestController.Ping (ProductOneBackend)'
info: Microsoft.AspNetCore.Mvc.Infrastructure.ControllerActionInvoker[3]
      Route matched with {action = "Ping", controller = "Test"}. Executing controller action with signature System.String Ping() on controller ProductOneBackend.Controllers.TestController (ProductOneBackend).
info: Microsoft.AspNetCore.Mvc.Infrastructure.ObjectResultExecutor[1]
      Executing ObjectResult, writing value of type 'System.String'.
info: Microsoft.AspNetCore.Mvc.Infrastructure.ControllerActionInvoker[2]
      Executed action ProductOneBackend.Controllers.TestController.Ping (ProductOneBackend) in 0.2554ms
info: Microsoft.AspNetCore.Routing.EndpointMiddleware[1]
      Executed endpoint 'ProductOneBackend.Controllers.TestController.Ping (ProductOneBackend)'
info: Microsoft.AspNetCore.Hosting.Diagnostics[2]
      Request finished HTTP/1.1 GET http://localhost/api/test/ping - - - 200 - text/plain;+charset=utf-8 0.5525ms
info: Microsoft.Hosting.Lifetime[0]
      Application is shutting down...
